# JRE version: OpenJDK Runtime Environment Microsoft-25199 (11.0.12+7) (build 11.0.12+7)
# Java VM: OpenJDK 64-Bit Server VM Microsoft-25199 (11.0.12+7, mixed mode, tiered, compressed oops, g1 gc, bsd-amd64)
Heap:
 garbage-first heap   total 131072K, used 67296K [0x0000000780000000, 0x0000000800000000)
  region size 1024K, 54 young (55296K), 2 survivors (2048K)
 Metaspace       used 36915K, capacity 38332K, committed 38700K, reserved 1083392K
  class space    used 4558K, capacity 5172K, committed 5248K, reserved 1048576K
GC Heap History (8 events):
Event: 1.565 GC heap before
{Heap before GC invocations=0 (full 0):
 garbage-first heap   total 131072K, used 14336K [0x0000000780000000, 0x0000000800000000)
  region size 1024K, 14 young (14336K), 0 survivors (0K)
 Metaspace       used 8797K, capacity 9085K, committed 9216K, reserved 1056768K
  class space    used 873K, capacity 972K, committed 1024K, reserved 1048576K
}
Event: 1.569 GC heap after
{Heap after GC invocations=1 (full 0):
 garbage-first heap   total 131072K, used 1729K [0x0000000780000000, 0x0000000800000000)
  region size 1024K, 2 young (2048K), 2 survivors (2048K)
 Metaspace       used 8797K, capacity 9085K, committed 9216K, reserved 1056768K
  class space    used 873K, capacity 972K, committed 1024K, reserved 1048576K
}
Event: 3.145 GC heap before
{Heap before GC invocations=1 (full 0):
 garbage-first heap   total 131072K, used 35521K [0x0000000780000000, 0x0000000800000000)
  region size 1024K, 37 young (37888K), 2 survivors (2048K)
 Metaspace       used 20235K, capacity 20971K, committed 21248K, reserved 1067008K
  class space    used 2508K, capacity 2804K, committed 2816K, reserved 1048576K
}
Event: 3.168 GC heap after
{Heap after GC invocations=2 (full 0):
 garbage-first heap   total 131072K, used 6693K [0x0000000780000000, 0x0000000800000000)
  region size 1024K, 7 young (7168K), 7 survivors (7168K)
 Metaspace       used 20235K, capacity 20971K, committed 21248K, reserved 1067008K
  class space    used 2508K, capacity 2804K, committed 2816K, reserved 1048576K
}
Event: 12.180 GC heap before
{Heap before GC invocations=3 (full 0):
 garbage-first heap   total 131072K, used 47653K [0x0000000780000000, 0x0000000800000000)
  region size 1024K, 45 young (46080K), 7 survivors (7168K)
 Metaspace       used 33456K, capacity 34560K, committed 34688K, reserved 1079296K
  class space    used 4197K, capacity 4695K, committed 4736K, reserved 1048576K
}
Event: 12.208 GC heap after
{Heap after GC invocations=4 (full 0):
 garbage-first heap   total 131072K, used 13839K [0x0000000780000000, 0x0000000800000000)
  region size 1024K, 5 young (5120K), 5 survivors (5120K)
 Metaspace       used 33456K, capacity 34560K, committed 34688K, reserved 1079296K
  class space    used 4197K, capacity 4695K, committed 4736K, reserved 1048576K
}
Event: 12.366 GC heap before
{Heap before GC invocations=4 (full 0):
 garbage-first heap   total 131072K, used 17935K [0x0000000780000000, 0x0000000800000000)
  region size 1024K, 10 young (10240K), 5 survivors (5120K)
 Metaspace       used 34215K, capacity 35508K, committed 35628K, reserved 1079296K
  class space    used 4356K, capacity 4928K, committed 4992K, reserved 1048576K
}
Event: 12.390 GC heap after
{Heap after GC invocations=5 (full 0):
 garbage-first heap   total 131072K, used 15072K [0x0000000780000000, 0x0000000800000000)
  region size 1024K, 2 young (2048K), 2 survivors (2048K)
 Metaspace       used 34215K, capacity 35508K, committed 35628K, reserved 1079296K
  class space    used 4356K, capacity 4928K, committed 4992K, reserved 1048576K
}

