# JRE version: OpenJDK Runtime Environment Microsoft-25199 (11.0.12+7) (build 11.0.12+7)
# Java VM: OpenJDK 64-Bit Server VM Microsoft-25199 (11.0.12+7, mixed mode, tiered, compressed oops, g1 gc, bsd-amd64)
Heap:
 garbage-first heap   total 131072K, used 30229K [0x0000000780000000, 0x0000000800000000)
  region size 1024K, 18 young (18432K), 2 survivors (2048K)
 Metaspace       used 35898K, capacity 37322K, committed 37676K, reserved 1081344K
  class space    used 4526K, capacity 5146K, committed 5248K, reserved 1048576K
GC Heap History (8 events):
Event: 0.733 GC heap before
{Heap before GC invocations=0 (full 0):
 garbage-first heap   total 131072K, used 14336K [0x0000000780000000, 0x0000000800000000)
  region size 1024K, 14 young (14336K), 0 survivors (0K)
 Metaspace       used 8747K, capacity 9021K, committed 9216K, reserved 1056768K
  class space    used 872K, capacity 972K, committed 1024K, reserved 1048576K
}
Event: 0.737 GC heap after
{Heap after GC invocations=1 (full 0):
 garbage-first heap   total 131072K, used 1741K [0x0000000780000000, 0x0000000800000000)
  region size 1024K, 2 young (2048K), 2 survivors (2048K)
 Metaspace       used 8747K, capacity 9021K, committed 9216K, reserved 1056768K
  class space    used 872K, capacity 972K, committed 1024K, reserved 1048576K
}
Event: 2.385 GC heap before
{Heap before GC invocations=1 (full 0):
 garbage-first heap   total 131072K, used 35533K [0x0000000780000000, 0x0000000800000000)
  region size 1024K, 37 young (37888K), 2 survivors (2048K)
 Metaspace       used 20281K, capacity 20971K, committed 21248K, reserved 1067008K
  class space    used 2508K, capacity 2804K, committed 2816K, reserved 1048576K
}
Event: 2.400 GC heap after
{Heap after GC invocations=2 (full 0):
 garbage-first heap   total 131072K, used 6689K [0x0000000780000000, 0x0000000800000000)
  region size 1024K, 7 young (7168K), 7 survivors (7168K)
 Metaspace       used 20281K, capacity 20971K, committed 21248K, reserved 1067008K
  class space    used 2508K, capacity 2804K, committed 2816K, reserved 1048576K
}
Event: 11.438 GC heap before
{Heap before GC invocations=3 (full 0):
 garbage-first heap   total 131072K, used 47649K [0x0000000780000000, 0x0000000800000000)
  region size 1024K, 45 young (46080K), 7 survivors (7168K)
 Metaspace       used 33461K, capacity 34596K, committed 34688K, reserved 1079296K
  class space    used 4204K, capacity 4708K, committed 4736K, reserved 1048576K
}
Event: 11.479 GC heap after
{Heap after GC invocations=4 (full 0):
 garbage-first heap   total 131072K, used 13325K [0x0000000780000000, 0x0000000800000000)
  region size 1024K, 5 young (5120K), 5 survivors (5120K)
 Metaspace       used 33461K, capacity 34596K, committed 34688K, reserved 1079296K
  class space    used 4204K, capacity 4708K, committed 4736K, reserved 1048576K
}
Event: 11.690 GC heap before
{Heap before GC invocations=4 (full 0):
 garbage-first heap   total 131072K, used 18445K [0x0000000780000000, 0x0000000800000000)
  region size 1024K, 11 young (11264K), 5 survivors (5120K)
 Metaspace       used 34272K, capacity 35565K, committed 35628K, reserved 1079296K
  class space    used 4385K, capacity 4948K, committed 4992K, reserved 1048576K
}
Event: 11.709 GC heap after
{Heap after GC invocations=5 (full 0):
 garbage-first heap   total 131072K, used 14869K [0x0000000780000000, 0x0000000800000000)
  region size 1024K, 2 young (2048K), 2 survivors (2048K)
 Metaspace       used 34272K, capacity 35565K, committed 35628K, reserved 1079296K
  class space    used 4385K, capacity 4948K, committed 4992K, reserved 1048576K
}

