# JRE version: OpenJDK Runtime Environment Microsoft-25199 (11.0.12+7) (build 11.0.12+7)
# Java VM: OpenJDK 64-Bit Server VM Microsoft-25199 (11.0.12+7, mixed mode, tiered, compressed oops, g1 gc, bsd-amd64)
Heap:
 garbage-first heap   total 131072K, used 38598K [0x0000000780000000, 0x0000000800000000)
  region size 1024K, 26 young (26624K), 1 survivors (1024K)
 Metaspace       used 36973K, capacity 38411K, committed 38652K, reserved 1083392K
  class space    used 4678K, capacity 5312K, committed 5424K, reserved 1048576K
GC Heap History (8 events):
Event: 1.329 GC heap before
{Heap before GC invocations=0 (full 0):
 garbage-first heap   total 131072K, used 14336K [0x0000000780000000, 0x0000000800000000)
  region size 1024K, 14 young (14336K), 0 survivors (0K)
 Metaspace       used 8792K, capacity 9085K, committed 9216K, reserved 1056768K
  class space    used 872K, capacity 972K, committed 1024K, reserved 1048576K
}
Event: 1.338 GC heap after
{Heap after GC invocations=1 (full 0):
 garbage-first heap   total 131072K, used 1915K [0x0000000780000000, 0x0000000800000000)
  region size 1024K, 2 young (2048K), 2 survivors (2048K)
 Metaspace       used 8792K, capacity 9085K, committed 9216K, reserved 1056768K
  class space    used 872K, capacity 972K, committed 1024K, reserved 1048576K
}
Event: 3.392 GC heap before
{Heap before GC invocations=1 (full 0):
 garbage-first heap   total 131072K, used 37755K [0x0000000780000000, 0x0000000800000000)
  region size 1024K, 38 young (38912K), 2 survivors (2048K)
 Metaspace       used 20480K, capacity 21192K, committed 21296K, reserved 1067008K
  class space    used 2541K, capacity 2835K, committed 2864K, reserved 1048576K
}
Event: 3.407 GC heap after
{Heap after GC invocations=2 (full 0):
 garbage-first heap   total 131072K, used 6924K [0x0000000780000000, 0x0000000800000000)
  region size 1024K, 7 young (7168K), 7 survivors (7168K)
 Metaspace       used 20480K, capacity 21192K, committed 21296K, reserved 1067008K
  class space    used 2541K, capacity 2835K, committed 2864K, reserved 1048576K
}
Event: 44.969 GC heap before
{Heap before GC invocations=3 (full 0):
 garbage-first heap   total 131072K, used 47884K [0x0000000780000000, 0x0000000800000000)
  region size 1024K, 45 young (46080K), 7 survivors (7168K)
 Metaspace       used 33305K, capacity 34453K, committed 34736K, reserved 1079296K
  class space    used 4164K, capacity 4653K, committed 4784K, reserved 1048576K
}
Event: 45.000 GC heap after
{Heap after GC invocations=4 (full 0):
 garbage-first heap   total 131072K, used 13698K [0x0000000780000000, 0x0000000800000000)
  region size 1024K, 5 young (5120K), 5 survivors (5120K)
 Metaspace       used 33305K, capacity 34453K, committed 34736K, reserved 1079296K
  class space    used 4164K, capacity 4653K, committed 4784K, reserved 1048576K
}
Event: 45.207 GC heap before
{Heap before GC invocations=4 (full 0):
 garbage-first heap   total 131072K, used 17794K [0x0000000780000000, 0x0000000800000000)
  region size 1024K, 10 young (10240K), 5 survivors (5120K)
 Metaspace       used 34417K, capacity 35553K, committed 35708K, reserved 1081344K
  class space    used 4290K, capacity 4784K, committed 4784K, reserved 1048576K
}
Event: 45.216 GC heap after
{Heap after GC invocations=5 (full 0):
 garbage-first heap   total 131072K, used 14022K [0x0000000780000000, 0x0000000800000000)
  region size 1024K, 1 young (1024K), 1 survivors (1024K)
 Metaspace       used 34417K, capacity 35553K, committed 35708K, reserved 1081344K
  class space    used 4290K, capacity 4784K, committed 4784K, reserved 1048576K
}

